<?xml version="1.0" encoding="UTF-8"?>
<!-- Generated by org.testng.reporters.JUnitReportReporter -->
<testsuite skipped="0" hostname="Bismillah-PC" name="test.FlowLoginWithPageFactory" tests="9" failures="0" timestamp="01 Feb 2018 19:32:57 GMT" time="813.753" errors="0">
  <testcase name="agreeTermPage" time="10.077" classname="test.FlowLoginWithPageFactory"/>
  <testcase name="testLoginPage" time="28.959" classname="test.FlowLoginWithPageFactory"/>
  <testcase name="testLoginPage" time="29.880" classname="test.FlowLoginWithPageFactory"/>
  <testcase name="testSignUpPage" time="112.467" classname="test.FlowLoginWithPageFactory"/>
  <testcase name="testSignUpPage" time="125.540" classname="test.FlowLoginWithPageFactory"/>
  <testcase name="testSignUpPage" time="127.356" classname="test.FlowLoginWithPageFactory"/>
  <testcase name="testSignUpPage" time="117.355" classname="test.FlowLoginWithPageFactory"/>
  <testcase name="testSignUpPage" time="125.777" classname="test.FlowLoginWithPageFactory"/>
  <testcase name="testSignUpPage" time="136.342" classname="test.FlowLoginWithPageFactory"/>
</testsuite> <!-- test.FlowLoginWithPageFactory -->
